<?xml version="1.0" encoding="UTF-8"?>
<!-- Generated by org.testng.reporters.JUnitReportReporter -->
<testsuite hostname="AKSHAY" failures="0" tests="1" name="com.Saucedemo.Testclasses.TC03AddtoCartFunctionality" time="6.251" errors="0" timestamp="2022-04-15T12:08:17 IST" skipped="0">
  <testcase classname="com.Saucedemo.Testclasses.TC03AddtoCartFunctionality" name="AddtoCartFunctionality" time="6.251"/>
  <system-out/>
</testsuite> <!-- com.Saucedemo.Testclasses.TC03AddtoCartFunctionality -->
