<?xml version="1.0" encoding="UTF-8"?>
<!-- Generated by org.testng.reporters.JUnitReportReporter -->
<testsuite hostname="AKSHAY" failures="0" tests="2" name="com.Saucedemo.Testclasses.TC02LogoutFunctionality" time="1.649" errors="0" timestamp="2022-04-15T12:08:17 IST" skipped="0">
  <testcase classname="com.Saucedemo.Testclasses.TC02LogoutFunctionality" name="LogoutFunctionality" time="0.786"/>
  <system-out/>
  <testcase classname="com.Saucedemo.Testclasses.TC02LogoutFunctionality" name="LogoutFunctionality" time="0.863"/>
  <system-out/>
</testsuite> <!-- com.Saucedemo.Testclasses.TC02LogoutFunctionality -->
