<?xml version="1.0" encoding="UTF-8"?>
<!-- Generated by org.testng.reporters.JUnitReportReporter -->
<testsuite hostname="AKSHAY" failures="0" tests="1" name="com.Saucedemo.Testclasses.TC01LoginFunctionality" time="1.152" errors="0" timestamp="2022-04-15T12:08:17 IST" skipped="0">
  <testcase classname="com.Saucedemo.Testclasses.TC01LoginFunctionality" name="LoginFunctionality" time="1.152"/>
  <system-out/>
</testsuite> <!-- com.Saucedemo.Testclasses.TC01LoginFunctionality -->
